[debug] [2022-06-23T00:22:00.794Z] ----------------------------------------------------------------------
[debug] [2022-06-23T00:22:00.796Z] Command:       /usr/local/bin/node /usr/local/bin/firebase emulators:start
[debug] [2022-06-23T00:22:00.796Z] CLI Version:   11.1.0
[debug] [2022-06-23T00:22:00.796Z] Platform:      darwin
[debug] [2022-06-23T00:22:00.796Z] Node Version:  v16.15.1
[debug] [2022-06-23T00:22:00.797Z] Time:          Wed Jun 22 2022 17:22:00 GMT-0700 (Mountain Standard Time)
[debug] [2022-06-23T00:22:00.797Z] ----------------------------------------------------------------------
[debug] 
[debug] [2022-06-23T00:22:00.849Z] > command requires scopes: ["email","openid","https://www.googleapis.com/auth/cloudplatformprojects.readonly","https://www.googleapis.com/auth/firebase","https://www.googleapis.com/auth/cloud-platform"]
[debug] [2022-06-23T00:22:00.849Z] > authorizing via signed-in user (lou.j.dimuro@gmail.com)
[info] i  emulators: Starting emulators: hosting {"metadata":{"emulator":{"name":"hub"},"message":"Starting emulators: hosting"}}
[debug] [2022-06-23T00:22:00.889Z] [hub] writing locator at /var/folders/vl/5q8tj1c164q_hpt77vdxl9800000gp/T/hub-lou-game.json
[debug] [2022-06-23T00:22:00.904Z] >>> [apiv2][query] GET https://firebasehosting.googleapis.com/v1beta1/projects/lou-game/sites 
[debug] [2022-06-23T00:22:01.553Z] <<< [apiv2][status] GET https://firebasehosting.googleapis.com/v1beta1/projects/lou-game/sites 200
[debug] [2022-06-23T00:22:01.553Z] <<< [apiv2][body] GET https://firebasehosting.googleapis.com/v1beta1/projects/lou-game/sites {"sites":[{"name":"projects/lou-game/sites/lou-game","defaultUrl":"https://lou-game.web.app","appId":"1:923427410117:web:2419229e6bc6951b11a0ac","type":"DEFAULT_SITE"}]}
[debug] [2022-06-23T00:22:01.553Z] >>> [apiv2][query] GET https://firebase.googleapis.com/v1beta1/projects/lou-game/webApps/1:923427410117:web:2419229e6bc6951b11a0ac/config [none]
[debug] [2022-06-23T00:22:02.059Z] <<< [apiv2][status] GET https://firebase.googleapis.com/v1beta1/projects/lou-game/webApps/1:923427410117:web:2419229e6bc6951b11a0ac/config 200
[debug] [2022-06-23T00:22:02.059Z] <<< [apiv2][body] GET https://firebase.googleapis.com/v1beta1/projects/lou-game/webApps/1:923427410117:web:2419229e6bc6951b11a0ac/config {"projectId":"lou-game","appId":"1:923427410117:web:2419229e6bc6951b11a0ac","databaseURL":"https://lou-game-default-rtdb.firebaseio.com","storageBucket":"lou-game.appspot.com","apiKey":"AIzaSyBcHR4Q793wDKIikhy-SPyyu-GOrDkNAuY","authDomain":"lou-game.firebaseapp.com","messagingSenderId":"923427410117","measurementId":"G-FQX5PSV3PS"}
[info] i  hosting: Serving hosting files from: dist/take5 {"metadata":{"emulator":{"name":"hosting"},"message":"Serving hosting files from: \u001b[1mdist/take5\u001b[22m"}}
[info] ✔  hosting: Local server: http://0.0.0.0:5000 {"metadata":{"emulator":{"name":"hosting"},"message":"Local server: \u001b[4m\u001b[1mhttp://0.0.0.0:5000\u001b[22m\u001b[24m"}}
[warn] ⚠  emulators: The Emulator UI requires a project ID to start. Configure your default project with 'firebase use' or pass the --project flag. {"metadata":{"emulator":{"name":"hub"},"message":"The Emulator UI requires a project ID to start. Configure your default project with 'firebase use' or pass the --project flag."}}
[info] 
┌─────────────────────────────────────────────────────────────┐
│ ✔  All emulators ready! It is now safe to connect your app. │
└─────────────────────────────────────────────────────────────┘

┌──────────┬──────────────┐
│ Emulator │ Host:Port    │
├──────────┼──────────────┤
│ Hosting  │ 0.0.0.0:5000 │
└──────────┴──────────────┘
  Emulator Hub running at localhost:4400
  Other reserved ports: 4500

Issues? Report them at https://github.com/firebase/firebase-tools/issues and attach the *-debug.log files.
 
